========================================================================================
=  Please ensure that you set the default write concern for the database by setting    =
=   one of the options                                                                 =
=                                                                                      =
=     w: (value of > -1 or the string 'majority'), where < 1 means                     =
=        no write acknowlegement                                                       =
=     journal: true/false, wait for flush to journal before acknowlegement             =
=     fsync: true/false, wait for flush to file system before acknowlegement           =
=                                                                                      =
=  For backward compatibility safe is still supported and                              =
=   allows values of [true | false | {j:true} | {w:n, wtimeout:n} | {fsync:true}]      =
=   the default value is false which means the driver receives does not                =
=   return the information of the success/error of the insert/update/remove            =
=                                                                                      =
=   ex: new Db(new Server('localhost', 27017), {safe:false})                           =
=                                                                                      =
=   http://www.mongodb.org/display/DOCS/getLastError+Command                           =
=                                                                                      =
=  The default of no acknowlegement will change in the very near future                =
=                                                                                      =
=  This message will disappear when the default safe is set on the driver Db           =
========================================================================================
========================================================================================
=  Please ensure that you set the default write concern for the database by setting    =
=   one of the options                                                                 =
=                                                                                      =
=     w: (value of > -1 or the string 'majority'), where < 1 means                     =
=        no write acknowlegement                                                       =
=     journal: true/false, wait for flush to journal before acknowlegement             =
=     fsync: true/false, wait for flush to file system before acknowlegement           =
=                                                                                      =
=  For backward compatibility safe is still supported and                              =
=   allows values of [true | false | {j:true} | {w:n, wtimeout:n} | {fsync:true}]      =
=   the default value is false which means the driver receives does not                =
=   return the information of the success/error of the insert/update/remove            =
=                                                                                      =
=   ex: new Db(new Server('localhost', 27017), {safe:false})                           =
=                                                                                      =
=   http://www.mongodb.org/display/DOCS/getLastError+Command                           =
=                                                                                      =
=  The default of no acknowlegement will change in the very near future                =
=                                                                                      =
=  This message will disappear when the default safe is set on the driver Db           =
========================================================================================
Express server listening on port 3000
[90mGET /blog/528a278978db256010000001 [36m304 [90m685ms[0m
[90mGET /stylesheets/bootstrap.min.css [36m304 [90m11ms[0m
[90mGET /stylesheets/style.css [32m200 [90m100ms - 8.36kb[0m
[90mGET /javascripts/jquery-2.0.3.min.js [36m304 [90m6ms[0m
[90mGET /javascripts/bootstrap.min.js [36m304 [90m4ms[0m
[90mGET /javascripts/application.js [36m304 [90m2ms[0m
[90mGET /images/default.jpg [36m304 [90m3ms[0m
[90mGET /images/weibo.png [36m304 [90m2ms[0m
[90mGET /images/google.png [36m304 [90m5ms[0m
[90mGET /images/github.png [36m304 [90m5ms[0m
[90mGET / [36m304 [90m208ms[0m
[90mGET /stylesheets/bootstrap.min.css [36m304 [90m3ms[0m
[90mGET /stylesheets/style.css [36m304 [90m5ms[0m
[90mGET /javascripts/jquery-2.0.3.min.js [36m304 [90m4ms[0m
[90mGET /javascripts/bootstrap.min.js [36m304 [90m3ms[0m
[90mGET /javascripts/application.js [36m304 [90m3ms[0m
[90mGET /images/default.jpg [36m304 [90m3ms[0m
[90mGET /images/article-images/4192-14d1at4.png [36m304 [90m2ms[0m
[90mGET /images/weibo.png [36m304 [90m1ms[0m
[90mGET /images/google.png [36m304 [90m1ms[0m
[90mGET /images/github.png [36m304 [90m3ms[0m
[90mGET /fonts/glyphicons-halflings-regular.ttf [36m304 [90m2ms[0m
[90mGET /blog/528a278978db256010000001 [36m304 [90m153ms[0m
[90mGET /stylesheets/bootstrap.min.css [36m304 [90m3ms[0m
[90mGET /stylesheets/style.css [36m304 [90m2ms[0m
[90mGET /javascripts/jquery-2.0.3.min.js [36m304 [90m2ms[0m
[90mGET /javascripts/bootstrap.min.js [36m304 [90m2ms[0m
[90mGET /javascripts/application.js [36m304 [90m2ms[0m
[90mGET /images/default.jpg [36m304 [90m2ms[0m
[90mGET /images/weibo.png [36m304 [90m2ms[0m
[90mGET /images/google.png [36m304 [90m2ms[0m
[90mGET /images/github.png [36m304 [90m2ms[0m
[90mGET / [36m304 [90m117ms[0m
[90mGET /stylesheets/bootstrap.min.css [36m304 [90m4ms[0m
[90mGET /stylesheets/style.css [36m304 [90m4ms[0m
[90mGET /javascripts/bootstrap.min.js [36m304 [90m2ms[0m
[90mGET /javascripts/application.js [36m304 [90m2ms[0m
[90mGET /javascripts/jquery-2.0.3.min.js [36m304 [90m1ms[0m
[90mGET /images/default.jpg [36m304 [90m2ms[0m
[90mGET /images/article-images/4192-14d1at4.png [36m304 [90m1ms[0m
[90mGET /images/weibo.png [36m304 [90m5ms[0m
[90mGET /images/google.png [36m304 [90m3ms[0m
[90mGET /images/github.png [36m304 [90m3ms[0m
[90mGET /fonts/glyphicons-halflings-regular.ttf [36m304 [90m5ms[0m
[90mGET /archives [32m200 [90m280ms - 2.5kb[0m
[90mGET /stylesheets/bootstrap.min.css [36m304 [90m2ms[0m
[90mGET /stylesheets/style.css [36m304 [90m2ms[0m
[90mGET /javascripts/jquery-2.0.3.min.js [36m304 [90m1ms[0m
[90mGET /javascripts/bootstrap.min.js [36m304 [90m1ms[0m
[90mGET /javascripts/application.js [36m304 [90m2ms[0m
[90mGET /images/default.jpg [36m304 [90m2ms[0m
[90mGET /images/weibo.png [36m304 [90m6ms[0m
[90mGET /images/google.png [36m304 [90m5ms[0m
[90mGET /images/github.png [36m304 [90m3ms[0m
[90mGET /fonts/glyphicons-halflings-regular.ttf [36m304 [90m1ms[0m
[90mGET /intro [32m200 [90m106ms - 2.04kb[0m
[90mGET /stylesheets/bootstrap.min.css [36m304 [90m2ms[0m
[90mGET /stylesheets/style.css [36m304 [90m2ms[0m
[90mGET /javascripts/jquery-2.0.3.min.js [36m304 [90m1ms[0m
[90mGET /javascripts/bootstrap.min.js [36m304 [90m4ms[0m
[90mGET /images/default.jpg [36m304 [90m3ms[0m
[90mGET /javascripts/application.js [36m304 [90m1ms[0m
[90mGET /images/weibo.png [36m304 [90m3ms[0m
[90mGET /images/google.png [36m304 [90m3ms[0m
[90mGET /images/github.png [36m304 [90m3ms[0m
[90mGET / [36m304 [90m123ms[0m
[90mGET /javascripts/jquery-2.0.3.min.js [36m304 [90m2ms[0m
[90mGET /stylesheets/bootstrap.min.css [36m304 [90m4ms[0m
[90mGET /stylesheets/style.css [36m304 [90m7ms[0m
[90mGET /javascripts/bootstrap.min.js [36m304 [90m5ms[0m
[90mGET /images/default.jpg [36m304 [90m5ms[0m
[90mGET /javascripts/application.js [36m304 [90m4ms[0m
[90mGET /images/article-images/4192-14d1at4.png [36m304 [90m1ms[0m
[90mGET /images/weibo.png [36m304 [90m8ms[0m
[90mGET /images/google.png [36m304 [90m5ms[0m
[90mGET /images/github.png [36m304 [90m5ms[0m
[90mGET /fonts/glyphicons-halflings-regular.ttf [36m304 [90m4ms[0m
[90mGET / [36m304 [90m176ms[0m
[90mGET /stylesheets/bootstrap.min.css [36m304 [90m3ms[0m
[90mGET /stylesheets/style.css [36m304 [90m2ms[0m
[90mGET /javascripts/jquery-2.0.3.min.js [36m304 [90m4ms[0m
[90mGET /javascripts/bootstrap.min.js [36m304 [90m4ms[0m
[90mGET /javascripts/application.js [36m304 [90m2ms[0m
[90mGET /images/default.jpg [36m304 [90m1ms[0m
[90mGET /images/article-images/4192-14d1at4.png [36m304 [90m1ms[0m
[90mGET /images/weibo.png [36m304 [90m1ms[0m
[90mGET /images/google.png [36m304 [90m2ms[0m
[90mGET /images/github.png [36m304 [90m2ms[0m
[90mGET /fonts/glyphicons-halflings-regular.ttf [36m304 [90m1ms[0m
[90mGET /blog/528a278978db256010000001 [36m304 [90m93ms[0m
[90mGET /stylesheets/bootstrap.min.css [36m304 [90m1ms[0m
[90mGET /stylesheets/style.css [36m304 [90m1ms[0m
[90mGET /javascripts/jquery-2.0.3.min.js [36m304 [90m2ms[0m
[90mGET /javascripts/bootstrap.min.js [36m304 [90m3ms[0m
[90mGET /javascripts/application.js [36m304 [90m1ms[0m
[90mGET /images/default.jpg [36m304 [90m2ms[0m
[90mGET /images/weibo.png [36m304 [90m1ms[0m
[90mGET /images/google.png [36m304 [90m4ms[0m
[90mGET /images/github.png [36m304 [90m4ms[0m
[90mGET / [36m304 [90m106ms[0m
[90mGET /stylesheets/bootstrap.min.css [36m304 [90m3ms[0m
[90mGET /stylesheets/style.css [36m304 [90m10ms[0m
[90mGET /javascripts/jquery-2.0.3.min.js [36m304 [90m4ms[0m
[90mGET /javascripts/application.js [36m304 [90m3ms[0m
[90mGET /javascripts/bootstrap.min.js [36m304 [90m3ms[0m
[90mGET /images/default.jpg [36m304 [90m2ms[0m
[90mGET /images/article-images/4192-14d1at4.png [36m304 [90m1ms[0m
[90mGET /images/weibo.png [36m304 [90m11ms[0m
[90mGET /images/google.png [36m304 [90m2ms[0m
[90mGET /images/github.png [36m304 [90m4ms[0m
[90mGET /fonts/glyphicons-halflings-regular.ttf [36m304 [90m6ms[0m
[90mGET /blog/528a278978db256010000001 [36m304 [90m81ms[0m
[90mGET /stylesheets/bootstrap.min.css [36m304 [90m2ms[0m
[90mGET /stylesheets/style.css [36m304 [90m2ms[0m
[90mGET /javascripts/jquery-2.0.3.min.js [36m304 [90m2ms[0m
[90mGET /javascripts/bootstrap.min.js [36m304 [90m2ms[0m
[90mGET /javascripts/application.js [36m304 [90m2ms[0m
[90mGET /images/default.jpg [36m304 [90m3ms[0m
[90mGET /images/weibo.png [36m304 [90m4ms[0m
[90mGET /images/google.png [36m304 [90m4ms[0m
[90mGET /images/github.png [36m304 [90m1ms[0m
[90mGET / [32m200 [90m155ms - 2.16kb[0m
[90mGET /stylesheets/bootstrap.min.css [36m304 [90m1ms[0m
[90mGET /stylesheets/style.css [36m304 [90m1ms[0m
[90mGET /javascripts/jquery-2.0.3.min.js [36m304 [90m1ms[0m
[90mGET /javascripts/bootstrap.min.js [36m304 [90m5ms[0m
[90mGET /javascripts/application.js [36m304 [90m3ms[0m
[90mGET /images/default.jpg [36m304 [90m2ms[0m
[90mGET /images/weibo.png [36m304 [90m2ms[0m
[90mGET /images/google.png [36m304 [90m3ms[0m
[90mGET /images/github.png [36m304 [90m3ms[0m
[90mGET / [32m200 [90m148ms - 6.24kb[0m
[90mGET /stylesheets/bootstrap.min.css [36m304 [90m5ms[0m
[90mGET /stylesheets/style.css [36m304 [90m3ms[0m
[90mGET /javascripts/jquery-2.0.3.min.js [36m304 [90m6ms[0m
[90mGET /javascripts/bootstrap.min.js [36m304 [90m5ms[0m
[90mGET /javascripts/application.js [36m304 [90m7ms[0m
[90mGET /images/default.jpg [36m304 [90m6ms[0m
[90mGET /images/article-images/4192-14d1at4.png [36m304 [90m1ms[0m
[90mGET /images/weibo.png [36m304 [90m3ms[0m
[90mGET /images/google.png [36m304 [90m2ms[0m
[90mGET /images/github.png [36m304 [90m2ms[0m
[90mGET /fonts/glyphicons-halflings-regular.ttf [36m304 [90m2ms[0m
[90mGET /blog/528a278978db256010000001 [36m304 [90m81ms[0m
[90mGET /stylesheets/bootstrap.min.css [36m304 [90m2ms[0m
[90mGET /stylesheets/style.css [36m304 [90m5ms[0m
[90mGET /javascripts/jquery-2.0.3.min.js [36m304 [90m2ms[0m
[90mGET /javascripts/bootstrap.min.js [36m304 [90m2ms[0m
[90mGET /javascripts/application.js [36m304 [90m1ms[0m
[90mGET /images/default.jpg [36m304 [90m4ms[0m
[90mGET /images/weibo.png [36m304 [90m5ms[0m
[90mGET /images/google.png [36m304 [90m4ms[0m
[90mGET /images/github.png [36m304 [90m4ms[0m
[90mGET / [36m304 [90m112ms[0m
[90mGET /javascripts/jquery-2.0.3.min.js [36m304 [90m1ms[0m
[90mGET /stylesheets/bootstrap.min.css [36m304 [90m3ms[0m
[90mGET /stylesheets/style.css [36m304 [90m3ms[0m
[90mGET /javascripts/bootstrap.min.js [36m304 [90m3ms[0m
[90mGET /javascripts/application.js [36m304 [90m2ms[0m
[90mGET /images/default.jpg [36m304 [90m1ms[0m
[90mGET /images/article-images/4192-14d1at4.png [36m304 [90m2ms[0m
[90mGET /images/weibo.png [36m304 [90m4ms[0m
[90mGET /images/google.png [36m304 [90m3ms[0m
[90mGET /images/github.png [36m304 [90m4ms[0m
[90mGET /fonts/glyphicons-halflings-regular.ttf [36m304 [90m1ms[0m
[90mGET /blog/528a278978db256010000001 [36m304 [90m86ms[0m
[90mGET /stylesheets/bootstrap.min.css [36m304 [90m2ms[0m
[90mGET /stylesheets/style.css [36m304 [90m2ms[0m
[90mGET /javascripts/jquery-2.0.3.min.js [36m304 [90m4ms[0m
[90mGET /javascripts/bootstrap.min.js [36m304 [90m3ms[0m
[90mGET /javascripts/application.js [36m304 [90m3ms[0m
[90mGET /images/default.jpg [36m304 [90m1ms[0m
[90mGET /images/weibo.png [36m304 [90m3ms[0m
[90mGET /images/google.png [36m304 [90m3ms[0m
[90mGET /images/github.png [36m304 [90m3ms[0m
[90mGET / [36m304 [90m184ms[0m
[90mGET /stylesheets/bootstrap.min.css [36m304 [90m2ms[0m
[90mGET /stylesheets/style.css [36m304 [90m2ms[0m
[90mGET /javascripts/jquery-2.0.3.min.js [36m304 [90m2ms[0m
[90mGET /javascripts/bootstrap.min.js [36m304 [90m4ms[0m
[90mGET /javascripts/application.js [36m304 [90m2ms[0m
[90mGET /images/default.jpg [36m304 [90m2ms[0m
[90mGET /images/article-images/4192-14d1at4.png [36m304 [90m1ms[0m
[90mGET /images/weibo.png [36m304 [90m2ms[0m
[90mGET /images/google.png [36m304 [90m2ms[0m
[90mGET /images/github.png [36m304 [90m3ms[0m
[90mGET /fonts/glyphicons-halflings-regular.ttf [36m304 [90m2ms[0m
[90mGET /blog/528a278978db256010000001 [36m304 [90m130ms[0m
[90mGET /javascripts/jquery-2.0.3.min.js [36m304 [90m2ms[0m
[90mGET /stylesheets/bootstrap.min.css [36m304 [90m6ms[0m
[90mGET /javascripts/bootstrap.min.js [36m304 [90m3ms[0m
[90mGET /javascripts/application.js [36m304 [90m3ms[0m
[90mGET /stylesheets/style.css [36m304 [90m8ms[0m
[90mGET /images/default.jpg [36m304 [90m2ms[0m
[90mGET /images/weibo.png [36m304 [90m1ms[0m
[90mGET /images/google.png [36m304 [90m1ms[0m
[90mGET /images/github.png [36m304 [90m2ms[0m
[90mGET /archives [36m304 [90m192ms[0m
[90mGET /javascripts/jquery-2.0.3.min.js [36m304 [90m2ms[0m
[90mGET /javascripts/bootstrap.min.js [36m304 [90m1ms[0m
[90mGET /stylesheets/bootstrap.min.css [36m304 [90m5ms[0m
[90mGET /javascripts/application.js [36m304 [90m2ms[0m
[90mGET /stylesheets/style.css [36m304 [90m7ms[0m
[90mGET /images/default.jpg [36m304 [90m1ms[0m
[90mGET /images/weibo.png [36m304 [90m5ms[0m
[90mGET /images/google.png [36m304 [90m2ms[0m
[90mGET /images/github.png [36m304 [90m3ms[0m
[90mGET /fonts/glyphicons-halflings-regular.ttf [36m304 [90m1ms[0m
[90mGET /blog/528a278978db256010000001 [36m304 [90m101ms[0m
[90mGET /stylesheets/bootstrap.min.css [36m304 [90m2ms[0m
[90mGET /stylesheets/style.css [36m304 [90m1ms[0m
[90mGET /javascripts/jquery-2.0.3.min.js [36m304 [90m1ms[0m
[90mGET /javascripts/bootstrap.min.js [36m304 [90m1ms[0m
[90mGET /javascripts/application.js [36m304 [90m1ms[0m
[90mGET /images/default.jpg [36m304 [90m2ms[0m
[90mGET /images/weibo.png [36m304 [90m2ms[0m
[90mGET /images/google.png [36m304 [90m3ms[0m
[90mGET /images/github.png [36m304 [90m6ms[0m
[90mGET /blog/528a278978db256010000001 [36m304 [90m74ms[0m
[90mGET /stylesheets/bootstrap.min.css [36m304 [90m2ms[0m
[90mGET /stylesheets/style.css [36m304 [90m2ms[0m
[90mGET /javascripts/jquery-2.0.3.min.js [36m304 [90m1ms[0m
[90mGET /javascripts/bootstrap.min.js [36m304 [90m1ms[0m
[90mGET /javascripts/application.js [36m304 [90m1ms[0m
[90mGET /images/default.jpg [36m304 [90m1ms[0m
[90mGET /images/weibo.png [36m304 [90m1ms[0m
[90mGET /images/google.png [36m304 [90m1ms[0m
[90mGET /images/github.png [36m304 [90m1ms[0m
[90mGET / [36m304 [90m106ms[0m
[90mGET /stylesheets/bootstrap.min.css [36m304 [90m1ms[0m
[90mGET /stylesheets/style.css [36m304 [90m1ms[0m
[90mGET /javascripts/jquery-2.0.3.min.js [36m304 [90m2ms[0m
[90mGET /javascripts/bootstrap.min.js [36m304 [90m1ms[0m
[90mGET /javascripts/application.js [36m304 [90m1ms[0m
[90mGET /images/default.jpg [36m304 [90m1ms[0m
[90mGET /images/article-images/4192-14d1at4.png [36m304 [90m1ms[0m
[90mGET /images/weibo.png [36m304 [90m2ms[0m
[90mGET /images/google.png [36m304 [90m2ms[0m
[90mGET /images/github.png [36m304 [90m2ms[0m
[90mGET /fonts/glyphicons-halflings-regular.ttf [36m304 [90m1ms[0m
[90mGET / [36m304 [90m97ms[0m
[90mGET /stylesheets/bootstrap.min.css [36m304 [90m2ms[0m
[90mGET /stylesheets/style.css [36m304 [90m1ms[0m
[90mGET /javascripts/jquery-2.0.3.min.js [36m304 [90m1ms[0m
[90mGET /javascripts/bootstrap.min.js [36m304 [90m2ms[0m
[90mGET /javascripts/application.js [36m304 [90m1ms[0m
[90mGET /images/default.jpg [36m304 [90m1ms[0m
[90mGET /images/article-images/4192-14d1at4.png [36m304 [90m1ms[0m
[90mGET /images/weibo.png [36m304 [90m1ms[0m
[90mGET /images/google.png [36m304 [90m2ms[0m
[90mGET /images/github.png [36m304 [90m1ms[0m
[90mGET /fonts/glyphicons-halflings-regular.ttf [36m304 [90m1ms[0m
[90mGET /blog/528a278978db256010000001 [36m304 [90m91ms[0m
[90mGET /stylesheets/bootstrap.min.css [36m304 [90m2ms[0m
[90mGET /stylesheets/style.css [36m304 [90m2ms[0m
[90mGET /javascripts/jquery-2.0.3.min.js [36m304 [90m2ms[0m
[90mGET /javascripts/bootstrap.min.js [36m304 [90m1ms[0m
[90mGET /javascripts/application.js [36m304 [90m1ms[0m
[90mGET /images/default.jpg [36m304 [90m1ms[0m
[90mGET /images/weibo.png [36m304 [90m0ms[0m
[90mGET /images/google.png [36m304 [90m1ms[0m
[90mGET /images/github.png [36m304 [90m2ms[0m
[90mGET /blog/528a278978db256010000001 [32m200 [90m112ms - 6.77kb[0m
[90mGET /stylesheets/bootstrap.min.css [36m304 [90m3ms[0m
[90mGET /stylesheets/style.css [36m304 [90m2ms[0m
[90mGET /javascripts/jquery-2.0.3.min.js [36m304 [90m2ms[0m
[90mGET /javascripts/bootstrap.min.js [36m304 [90m2ms[0m
[90mGET /javascripts/application.js [36m304 [90m1ms[0m
[90mGET /images/default.jpg [36m304 [90m3ms[0m
[90mGET /images/weibo.png [36m304 [90m3ms[0m
[90mGET /images/google.png [36m304 [90m3ms[0m
[90mGET /images/github.png [36m304 [90m1ms[0m
[90mGET /blog/528a278978db256010000001 [36m304 [90m136ms[0m
[90mGET /stylesheets/bootstrap.min.css [36m304 [90m2ms[0m
[90mGET /stylesheets/style.css [36m304 [90m2ms[0m
[90mGET /javascripts/jquery-2.0.3.min.js [36m304 [90m1ms[0m
[90mGET /javascripts/bootstrap.min.js [36m304 [90m1ms[0m
[90mGET /javascripts/application.js [36m304 [90m1ms[0m
[90mGET /images/default.jpg [36m304 [90m2ms[0m
[90mGET /images/weibo.png [36m304 [90m1ms[0m
[90mGET /images/google.png [36m304 [90m1ms[0m
[90mGET /images/github.png [36m304 [90m1ms[0m
[90mGET / [36m304 [90m102ms[0m
[90mGET /stylesheets/bootstrap.min.css [36m304 [90m2ms[0m
[90mGET /stylesheets/style.css [36m304 [90m2ms[0m
[90mGET /javascripts/jquery-2.0.3.min.js [36m304 [90m1ms[0m
[90mGET /javascripts/bootstrap.min.js [36m304 [90m1ms[0m
[90mGET /javascripts/application.js [36m304 [90m8ms[0m
[90mGET /images/default.jpg [36m304 [90m7ms[0m
[90mGET /images/article-images/4192-14d1at4.png [36m304 [90m2ms[0m
[90mGET /images/weibo.png [36m304 [90m3ms[0m
[90mGET /images/google.png [36m304 [90m3ms[0m
[90mGET /images/github.png [36m304 [90m2ms[0m
[90mGET /fonts/glyphicons-halflings-regular.ttf [36m304 [90m1ms[0m
[90mGET / [36m304 [90m141ms[0m
[90mGET /stylesheets/bootstrap.min.css [36m304 [90m1ms[0m
[90mGET /stylesheets/style.css [36m304 [90m1ms[0m
[90mGET /javascripts/jquery-2.0.3.min.js [36m304 [90m1ms[0m
[90mGET /javascripts/bootstrap.min.js [36m304 [90m1ms[0m
[90mGET /javascripts/application.js [36m304 [90m2ms[0m
[90mGET /images/default.jpg [36m304 [90m1ms[0m
[90mGET /images/article-images/4192-14d1at4.png [36m304 [90m2ms[0m
[90mGET /images/weibo.png [36m304 [90m1ms[0m
[90mGET /images/google.png [36m304 [90m1ms[0m
[90mGET /images/github.png [36m304 [90m1ms[0m
[90mGET /fonts/glyphicons-halflings-regular.ttf [36m304 [90m1ms[0m
[90mGET /blog/528a278978db256010000001 [36m304 [90m114ms[0m
[90mGET /stylesheets/bootstrap.min.css [36m304 [90m1ms[0m
[90mGET /stylesheets/style.css [36m304 [90m2ms[0m
[90mGET /javascripts/jquery-2.0.3.min.js [36m304 [90m1ms[0m
[90mGET /javascripts/bootstrap.min.js [36m304 [90m2ms[0m
[90mGET /javascripts/application.js [36m304 [90m2ms[0m
[90mGET /images/github.png [36m304 [90m1ms[0m
[90mGET /images/default.jpg [36m304 [90m2ms[0m
[90mGET /images/weibo.png [36m304 [90m2ms[0m
[90mGET /images/google.png [36m304 [90m2ms[0m
[90mGET /archives [36m304 [90m186ms[0m
[90mGET /stylesheets/bootstrap.min.css [36m304 [90m1ms[0m
[90mGET /stylesheets/style.css [36m304 [90m3ms[0m
[90mGET /javascripts/jquery-2.0.3.min.js [36m304 [90m1ms[0m
[90mGET /javascripts/bootstrap.min.js [36m304 [90m1ms[0m
[90mGET /javascripts/application.js [36m304 [90m0ms[0m
[90mGET /images/default.jpg [36m304 [90m1ms[0m
[90mGET /images/weibo.png [36m304 [90m1ms[0m
[90mGET /images/google.png [36m304 [90m2ms[0m
[90mGET /images/github.png [36m304 [90m1ms[0m
[90mGET /fonts/glyphicons-halflings-regular.ttf [36m304 [90m1ms[0m
[90mGET /intro [32m200 [90m56ms - 2.04kb[0m
[90mGET /stylesheets/bootstrap.min.css [36m304 [90m3ms[0m
[90mGET /stylesheets/style.css [36m304 [90m3ms[0m
[90mGET /javascripts/jquery-2.0.3.min.js [36m304 [90m1ms[0m
[90mGET /javascripts/bootstrap.min.js [36m304 [90m1ms[0m
[90mGET /javascripts/application.js [36m304 [90m2ms[0m
[90mGET /images/default.jpg [36m304 [90m1ms[0m
[90mGET /images/weibo.png [36m304 [90m2ms[0m
[90mGET /images/google.png [36m304 [90m2ms[0m
[90mGET /images/github.png [36m304 [90m1ms[0m
[90mGET / [36m304 [90m93ms[0m
[90mGET /stylesheets/bootstrap.min.css [36m304 [90m2ms[0m
[90mGET /stylesheets/style.css [36m304 [90m2ms[0m
[90mGET /javascripts/jquery-2.0.3.min.js [36m304 [90m2ms[0m
[90mGET /javascripts/bootstrap.min.js [36m304 [90m1ms[0m
[90mGET /javascripts/application.js [36m304 [90m2ms[0m
[90mGET /images/default.jpg [36m304 [90m2ms[0m
[90mGET /images/article-images/4192-14d1at4.png [36m304 [90m1ms[0m
[90mGET /images/weibo.png [36m304 [90m3ms[0m
[90mGET /images/google.png [36m304 [90m2ms[0m
[90mGET /images/github.png [36m304 [90m1ms[0m
[90mGET /fonts/glyphicons-halflings-regular.ttf [36m304 [90m1ms[0m
[90mGET /blog/528a278978db256010000001 [36m304 [90m78ms[0m
[90mGET /stylesheets/bootstrap.min.css [36m304 [90m2ms[0m
[90mGET /stylesheets/style.css [36m304 [90m1ms[0m
[90mGET /javascripts/jquery-2.0.3.min.js [36m304 [90m1ms[0m
[90mGET /javascripts/bootstrap.min.js [36m304 [90m2ms[0m
[90mGET /javascripts/application.js [36m304 [90m1ms[0m
[90mGET /images/default.jpg [36m304 [90m1ms[0m
[90mGET /images/weibo.png [36m304 [90m1ms[0m
[90mGET /images/google.png [36m304 [90m11ms[0m
[90mGET /images/github.png [36m304 [90m10ms[0m
